<?xml version="1.0" encoding="UTF-8" standalone="no"?>
<!DOCTYPE log SYSTEM "logger.dtd">
<log>
<record>
  <date>2015-10-21T17:54:28</date>
  <millis>1445442868279</millis>
  <sequence>4</sequence>
  <logger>ESPlorer.ESPlorer</logger>
  <level>INFO</level>
  <class>ESPlorer.ESPlorer</class>
  <method>log</method>
  <thread>15</thread>
  <message>Set new color theme: Success.</message>
</record>
<record>
  <date>2015-10-21T17:54:28</date>
  <millis>1445442868283</millis>
  <sequence>5</sequence>
  <logger>ESPlorer.ESPlorer</logger>
  <level>INFO</level>
  <class>ESPlorer.ESPlorer</class>
  <method>log</method>
  <thread>15</thread>
  <message>Load saved settings: DONE.</message>
</record>
<record>
  <date>2015-10-21T17:54:28</date>
  <millis>1445442868285</millis>
  <sequence>6</sequence>
  <logger>ESPlorer.ESPlorer</logger>
  <level>INFO</level>
  <class>ESPlorer.ESPlorer</class>
  <method>log</method>
  <thread>15</thread>
  <message>Snippets (LUA): loading...</message>
</record>
<record>
  <date>2015-10-21T17:54:28</date>
  <millis>1445442868287</millis>
  <sequence>7</sequence>
  <logger>ESPlorer.ESPlorer</logger>
  <level>INFO</level>
  <class>ESPlorer.ESPlorer</class>
  <method>log</method>
  <thread>15</thread>
  <message>Snippets (LUA) load: Success.</message>
</record>
<record>
  <date>2015-10-21T17:54:28</date>
  <millis>1445442868801</millis>
  <sequence>8</sequence>
  <logger>ESPlorer.ESPlorer</logger>
  <level>INFO</level>
  <class>ESPlorer.ESPlorer</class>
  <method>log</method>
  <thread>15</thread>
  <message>Scan system...</message>
</record>
<record>
  <date>2015-10-21T17:54:28</date>
  <millis>1445442868811</millis>
  <sequence>9</sequence>
  <logger>ESPlorer.ESPlorer</logger>
  <level>INFO</level>
  <class>ESPlorer.ESPlorer</class>
  <method>log</method>
  <thread>15</thread>
  <message>found last saved serial port /dev/ttyUSB0</message>
</record>
<record>
  <date>2015-10-21T17:54:28</date>
  <millis>1445442868817</millis>
  <sequence>10</sequence>
  <logger>ESPlorer.ESPlorer</logger>
  <level>INFO</level>
  <class>ESPlorer.ESPlorer</class>
  <method>log</method>
  <thread>15</thread>
  <message>Scan done.</message>
</record>
<record>
  <date>2015-10-21T17:54:31</date>
  <millis>1445442871047</millis>
  <sequence>11</sequence>
  <logger>ESPlorer.ESPlorer</logger>
  <level>INFO</level>
  <class>ESPlorer.ESPlorer</class>
  <method>log</method>
  <thread>15</thread>
  <message>Serial port /dev/ttyUSB0 save as default.</message>
</record>
<record>
  <date>2015-10-21T17:54:31</date>
  <millis>1445442871049</millis>
  <sequence>12</sequence>
  <logger>ESPlorer.ESPlorer</logger>
  <level>INFO</level>
  <class>ESPlorer.ESPlorer</class>
  <method>log</method>
  <thread>15</thread>
  <message>Baud rate 9600 save as default.</message>
</record>
<record>
  <date>2015-10-21T17:54:31</date>
  <millis>1445442871051</millis>
  <sequence>13</sequence>
  <logger>ESPlorer.ESPlorer</logger>
  <level>INFO</level>
  <class>ESPlorer.ESPlorer</class>
  <method>log</method>
  <thread>15</thread>
  <message>Try to open port /dev/ttyUSB0, baud 9600, 8N1</message>
</record>
<record>
  <date>2015-10-21T17:54:31</date>
  <millis>1445442871063</millis>
  <sequence>14</sequence>
  <logger>ESPlorer.ESPlorer</logger>
  <level>INFO</level>
  <class>ESPlorer.ESPlorer</class>
  <method>log</method>
  <thread>15</thread>
  <message>Open port /dev/ttyUSB0 - Success.</message>
</record>
<record>
  <date>2015-10-21T17:54:31</date>
  <millis>1445442871099</millis>
  <sequence>15</sequence>
  <logger>ESPlorer.ESPlorer</logger>
  <level>INFO</level>
  <class>ESPlorer.ESPlorer</class>
  <method>log</method>
  <thread>15</thread>
  <message>sending:&lt;CR&gt;&lt;LF&gt;</message>
</record>
<record>
  <date>2015-10-21T17:54:31</date>
  <millis>1445442871149</millis>
  <sequence>16</sequence>
  <logger>ESPlorer.ESPlorer</logger>
  <level>INFO</level>
  <class>ESPlorer.ESPlorer</class>
  <method>log</method>
  <thread>23</thread>
  <message>
Communication with MCU established.</message>
</record>
<record>
  <date>2015-10-21T17:54:34</date>
  <millis>1445442874583</millis>
  <sequence>17</sequence>
  <logger>ESPlorer.ESPlorer</logger>
  <level>INFO</level>
  <class>ESPlorer.ESPlorer</class>
  <method>log</method>
  <thread>15</thread>
  <message>Try to open file init.lua</message>
</record>
<record>
  <date>2015-10-21T17:54:34</date>
  <millis>1445442874584</millis>
  <sequence>18</sequence>
  <logger>ESPlorer.ESPlorer</logger>
  <level>INFO</level>
  <class>ESPlorer.ESPlorer</class>
  <method>log</method>
  <thread>15</thread>
  <message>File name: /home/guy/codes/Guirlande/init.lua</message>
</record>
<record>
  <date>2015-10-21T17:54:34</date>
  <millis>1445442874587</millis>
  <sequence>19</sequence>
  <logger>ESPlorer.ESPlorer</logger>
  <level>INFO</level>
  <class>ESPlorer.ESPlorer</class>
  <method>log</method>
  <thread>15</thread>
  <message>Try to load file init.lua</message>
</record>
<record>
  <date>2015-10-21T17:54:34</date>
  <millis>1445442874677</millis>
  <sequence>20</sequence>
  <logger>ESPlorer.ESPlorer</logger>
  <level>INFO</level>
  <class>ESPlorer.ESPlorer</class>
  <method>log</method>
  <thread>15</thread>
  <message>Loading init.lua: Success.</message>
</record>
<record>
  <date>2015-10-21T17:54:34</date>
  <millis>1445442874678</millis>
  <sequence>21</sequence>
  <logger>ESPlorer.ESPlorer</logger>
  <level>INFO</level>
  <class>ESPlorer.ESPlorer</class>
  <method>log</method>
  <thread>15</thread>
  <message>Open "init.lua": Success.</message>
</record>
<record>
  <date>2015-10-21T17:54:58</date>
  <millis>1445442898826</millis>
  <sequence>22</sequence>
  <logger>ESPlorer.ESPlorer</logger>
  <level>INFO</level>
  <class>ESPlorer.ESPlorer</class>
  <method>log</method>
  <thread>15</thread>
  <message>sending:dofile('init.lua')&lt;CR&gt;&lt;LF&gt;</message>
</record>
<record>
  <date>2015-10-21T17:55:27</date>
  <millis>1445442927417</millis>
  <sequence>23</sequence>
  <logger>ESPlorer.ESPlorer</logger>
  <level>INFO</level>
  <class>ESPlorer.ESPlorer</class>
  <method>log</method>
  <thread>15</thread>
  <message>Close port /dev/ttyUSB0 - Success.</message>
</record>
<record>
  <date>2015-10-21T18:17:53</date>
  <millis>1445444273838</millis>
  <sequence>24</sequence>
  <logger>ESPlorer.ESPlorer</logger>
  <level>INFO</level>
  <class>ESPlorer.ESPlorer</class>
  <method>log</method>
  <thread>15</thread>
  <message>FileTab cleared: Success.</message>
</record>
<record>
  <date>2015-10-21T18:17:53</date>
  <millis>1445444273839</millis>
  <sequence>25</sequence>
  <logger>ESPlorer.ESPlorer</logger>
  <level>INFO</level>
  <class>ESPlorer.ESPlorer</class>
  <method>log</method>
  <thread>15</thread>
  <message>File close: Success.</message>
</record>
</log>
